--- K2: Scar Formation Grid Search (Multi-Pattern) ---

=== Testing Lesson Count: 0 ===
Lessons: 0, Max Scar Weight: 0.000000000e0
KPI_K2_SCAR_WEIGHTS lessons=0 max_abs_delta=0.000000000e0 mean_abs_delta=0.000000000e0 changed_edges=0 total_edges=4560
  Noise 0.1:
    Pattern Bhupura: Recall Error = 139.6715
    Pattern Lotus: Recall Error = 100.2656
KPI_K2 lesson=0 noise=0.100 avg_recall_err=119.968552 baseline_recall_err=119.968552 uplift=0.000000 scar_max=0.000000
  Noise 0.2:
    Pattern Bhupura: Recall Error = 139.7096
    Pattern Lotus: Recall Error = 100.2769
KPI_K2 lesson=0 noise=0.200 avg_recall_err=119.993256 baseline_recall_err=119.993256 uplift=0.000000 scar_max=0.000000
KPI_K2_LESSON lessons=0 eta=0.2000 duration_sec=404.812 evals_per_sec=0.010

=== Testing Lesson Count: 3 ===
Lessons: 3, Max Scar Weight: 5.996852517e-1
KPI_K2_SCAR_WEIGHTS lessons=3 max_abs_delta=1.999999881e-1 mean_abs_delta=8.290524781e-2 changed_edges=1892 total_edges=4560
  Noise 0.1:
    Pattern Bhupura: Recall Error = 137.8099
    Pattern Lotus: Recall Error = 98.4991
KPI_K2 lesson=3 noise=0.100 avg_recall_err=118.154526 baseline_recall_err=119.968552 uplift=1.814026 scar_max=0.599685
  Noise 0.2:
    Pattern Bhupura: Recall Error = 137.8439
    Pattern Lotus: Recall Error = 98.5038
KPI_K2 lesson=3 noise=0.200 avg_recall_err=118.173859 baseline_recall_err=119.993256 uplift=1.819397 scar_max=0.599685
KPI_K2_LESSON lessons=3 eta=0.2000 duration_sec=989.004 evals_per_sec=0.004
KPI_K2_SUMMARY duration_sec=1393.817 max_scar_weight=0.599685 best_uplift=1.819397
