--- K2: Scar Formation Grid Search (Multi-Pattern) ---

=== Testing Lesson Count: 0 ===
Lessons: 0, Max Scar Weight: 0.000000000e0
KPI_K2_SCAR_WEIGHTS lessons=0 max_abs_delta=0.000000000e0 mean_abs_delta=0.000000000e0 changed_edges=0 total_edges=4560
  Noise 0.1:
    Pattern Bhupura: Recall Error = 137.7538
    Pattern Lotus: Recall Error = 98.3316
KPI_K2 lesson=0 noise=0.100 avg_recall_err=118.042679 baseline_recall_err=118.042679 uplift=0.000000 scar_max=0.000000
  Noise 0.2:
    Pattern Bhupura: Recall Error = 137.7894
    Pattern Lotus: Recall Error = 98.3481
KPI_K2 lesson=0 noise=0.200 avg_recall_err=118.068726 baseline_recall_err=118.068726 uplift=0.000000 scar_max=0.000000
KPI_K2_LESSON lessons=0 eta=0.2000 duration_sec=622.074 evals_per_sec=0.006

=== Testing Lesson Count: 3 ===
Lessons: 3, Max Scar Weight: 6.232324839e-1
KPI_K2_SCAR_WEIGHTS lessons=3 max_abs_delta=1.999999881e-1 mean_abs_delta=8.291894943e-2 changed_edges=1892 total_edges=4560
  Noise 0.1:
    Pattern Bhupura: Recall Error = 136.1588
    Pattern Lotus: Recall Error = 96.8367
KPI_K2 lesson=3 noise=0.100 avg_recall_err=116.497749 baseline_recall_err=118.042679 uplift=1.544930 scar_max=0.623232
  Noise 0.2:
    Pattern Bhupura: Recall Error = 136.1910
    Pattern Lotus: Recall Error = 96.8465
KPI_K2 lesson=3 noise=0.200 avg_recall_err=116.518768 baseline_recall_err=118.068726 uplift=1.549957 scar_max=0.623232
KPI_K2_LESSON lessons=3 eta=0.2000 duration_sec=441.882 evals_per_sec=0.009
KPI_K2_SUMMARY duration_sec=1063.960 max_scar_weight=0.623232 best_uplift=1.549957
