--- K2: Scar Formation Grid Search (Multi-Pattern) ---

=== Testing Lesson Count: 0 ===
Lessons: 0, Max Scar Weight: 0.000000000e0
KPI_K2_SCAR_WEIGHTS lessons=0 max_abs_delta=0.000000000e0 mean_abs_delta=0.000000000e0 changed_edges=0 total_edges=4560
  Noise 0.1:
    Pattern Bhupura: Recall Error = 118.7709
    Pattern Lotus: Recall Error = 81.8000
KPI_K2 lesson=0 noise=0.100 avg_recall_err=100.285446 baseline_recall_err=100.285446 uplift=0.000000 scar_max=0.000000
  Noise 0.2:
    Pattern Bhupura: Recall Error = 118.8751
    Pattern Lotus: Recall Error = 81.9321
KPI_K2 lesson=0 noise=0.200 avg_recall_err=100.403633 baseline_recall_err=100.403633 uplift=0.000000 scar_max=0.000000
KPI_K2_LESSON lessons=0 eta=0.2000 duration_sec=326.891 evals_per_sec=0.012

=== Testing Lesson Count: 3 ===
Lessons: 3, Max Scar Weight: 9.556083679e-1
KPI_K2_SCAR_WEIGHTS lessons=3 max_abs_delta=1.999999881e-1 mean_abs_delta=8.298131078e-2 changed_edges=1892 total_edges=4560
  Noise 0.1:
    Pattern Bhupura: Recall Error = 117.2694
    Pattern Lotus: Recall Error = 80.5412
KPI_K2 lesson=3 noise=0.100 avg_recall_err=98.905296 baseline_recall_err=100.285446 uplift=1.380150 scar_max=0.955608
  Noise 0.2:
    Pattern Bhupura: Recall Error = 117.3892
    Pattern Lotus: Recall Error = 80.6900
KPI_K2 lesson=3 noise=0.200 avg_recall_err=99.039635 baseline_recall_err=100.403633 uplift=1.363998 scar_max=0.955608
KPI_K2_LESSON lessons=3 eta=0.2000 duration_sec=797.351 evals_per_sec=0.005
KPI_K2_SUMMARY duration_sec=1124.246 max_scar_weight=0.955608 best_uplift=1.380150
