--- K2: Scar Formation Grid Search (Multi-Pattern) ---

=== Testing Lesson Count: 0 ===
Lessons: 0, Max Scar Weight: 0.000000000e0
KPI_K2_SCAR_WEIGHTS lessons=0 max_abs_delta=0.000000000e0 mean_abs_delta=0.000000000e0 changed_edges=0 total_edges=4560
  Noise 0.1:
    Pattern Bhupura: Recall Error = 108.1531
    Pattern Lotus: Recall Error = 73.2634
KPI_K2 lesson=0 noise=0.100 avg_recall_err=90.708282 baseline_recall_err=90.708282 uplift=0.000000 scar_max=0.000000
  Noise 0.2:
    Pattern Bhupura: Recall Error = 108.3275
    Pattern Lotus: Recall Error = 73.4858
KPI_K2 lesson=0 noise=0.200 avg_recall_err=90.906647 baseline_recall_err=90.906647 uplift=0.000000 scar_max=0.000000
KPI_K2_LESSON lessons=0 eta=0.2000 duration_sec=180.631 evals_per_sec=0.022

=== Testing Lesson Count: 3 ===
Lessons: 3, Max Scar Weight: 1.048400760e0
KPI_K2_SCAR_WEIGHTS lessons=3 max_abs_delta=1.999999881e-1 mean_abs_delta=8.298344910e-2 changed_edges=1892 total_edges=4560
  Noise 0.1:
    Pattern Bhupura: Recall Error = 106.7250
    Pattern Lotus: Recall Error = 72.0434
KPI_K2 lesson=3 noise=0.100 avg_recall_err=89.384209 baseline_recall_err=90.708282 uplift=1.324074 scar_max=1.048401
  Noise 0.2:
    Pattern Bhupura: Recall Error = 106.9174
    Pattern Lotus: Recall Error = 72.2870
KPI_K2 lesson=3 noise=0.200 avg_recall_err=89.602196 baseline_recall_err=90.906647 uplift=1.304451 scar_max=1.048401
KPI_K2_LESSON lessons=3 eta=0.2000 duration_sec=363.380 evals_per_sec=0.011
KPI_K2_SUMMARY duration_sec=544.012 max_scar_weight=1.048401 best_uplift=1.324074
