--- K2: Scar Formation Grid Search (Multi-Pattern) ---

=== Testing Lesson Count: 0 ===
Lessons: 0, Max Scar Weight: 0.000000000e0
KPI_K2_SCAR_WEIGHTS lessons=0 max_abs_delta=0.000000000e0 mean_abs_delta=0.000000000e0 changed_edges=0 total_edges=4560
  Noise 0.1:
    Pattern Bhupura: Recall Error = 43.9910
    Pattern Lotus: Recall Error = 25.5822
KPI_K2 lesson=0 noise=0.100 avg_recall_err=34.786587 baseline_recall_err=34.786587 uplift=0.000000 scar_max=0.000000
  Noise 0.2:
    Pattern Bhupura: Recall Error = 44.1200
    Pattern Lotus: Recall Error = 25.8849
KPI_K2 lesson=0 noise=0.200 avg_recall_err=35.002426 baseline_recall_err=35.002426 uplift=0.000000 scar_max=0.000000
KPI_K2_LESSON lessons=0 eta=0.2000 duration_sec=271.099 evals_per_sec=0.015

=== Testing Lesson Count: 3 ===
Lessons: 3, Max Scar Weight: 7.499275208e-1
KPI_K2_SCAR_WEIGHTS lessons=3 max_abs_delta=2.000000477e-1 mean_abs_delta=8.298348635e-2 changed_edges=1892 total_edges=4560
  Noise 0.1:
    Pattern Bhupura: Recall Error = 43.5017
    Pattern Lotus: Recall Error = 24.0804
KPI_K2 lesson=3 noise=0.100 avg_recall_err=33.791088 baseline_recall_err=34.786587 uplift=0.995499 scar_max=0.749928
  Noise 0.2:
    Pattern Bhupura: Recall Error = 43.7000
    Pattern Lotus: Recall Error = 24.4185
KPI_K2 lesson=3 noise=0.200 avg_recall_err=34.059269 baseline_recall_err=35.002426 uplift=0.943157 scar_max=0.749928
KPI_K2_LESSON lessons=3 eta=0.2000 duration_sec=535.302 evals_per_sec=0.007
KPI_K2_SUMMARY duration_sec=806.404 max_scar_weight=0.749928 best_uplift=0.995499
