===== STDOUT =====
[POLICY] PASS
[CFG] baseline restored

running 0 tests

test result: ok. 0 passed; 0 failed; 0 ignored; 0 measured; 0 filtered out; finished in 0.00s


running 0 tests

test result: ok. 0 passed; 0 failed; 0 ignored; 0 measured; 0 filtered out; finished in 0.00s


running 0 tests

test result: ok. 0 passed; 0 failed; 0 ignored; 0 measured; 0 filtered out; finished in 0.00s


running 0 tests

test result: ok. 0 passed; 0 failed; 0 ignored; 0 measured; 0 filtered out; finished in 0.00s


running 0 tests

test result: ok. 0 passed; 0 failed; 0 ignored; 0 measured; 0 filtered out; finished in 0.00s


running 0 tests

test result: ok. 0 passed; 0 failed; 0 ignored; 0 measured; 0 filtered out; finished in 0.00s


running 0 tests

test result: ok. 0 passed; 0 failed; 0 ignored; 0 measured; 0 filtered out; finished in 0.00s


running 0 tests

test result: ok. 0 passed; 0 failed; 0 ignored; 0 measured; 0 filtered out; finished in 0.00s


running 0 tests

test result: ok. 0 passed; 0 failed; 0 ignored; 0 measured; 0 filtered out; finished in 0.00s


running 0 tests

test result: ok. 0 passed; 0 failed; 0 ignored; 0 measured; 0 filtered out; finished in 0.00s


running 0 tests

test result: ok. 0 passed; 0 failed; 0 ignored; 0 measured; 0 filtered out; finished in 0.00s


running 0 tests

test result: ok. 0 passed; 0 failed; 0 ignored; 0 measured; 0 filtered out; finished in 0.00s


running 1 test
test gc_bareiss_snapshot_numbers_and_deq_flags ... ok

test result: ok. 1 passed; 0 failed; 0 ignored; 0 measured; 0 filtered out; finished in 0.29s


running 1 test
test lift_bigrational_baseline_and_grid ... ok

test result: ok. 1 passed; 0 failed; 0 ignored; 0 measured; 0 filtered out; finished in 0.39s


running 0 tests

test result: ok. 0 passed; 0 failed; 0 ignored; 0 measured; 0 filtered out; finished in 0.00s


running 0 tests

test result: ok. 0 passed; 0 failed; 0 ignored; 0 measured; 0 filtered out; finished in 0.00s


running 2 tests
test a2_concurrency_and_euler_sane ... ok
test a1_a4_basic_geometry_passes_on_dual ... ok

test result: ok. 2 passed; 0 failed; 0 ignored; 0 measured; 0 filtered out; finished in 0.84s


running 0 tests

test result: ok. 0 passed; 0 failed; 0 ignored; 0 measured; 0 filtered out; finished in 0.00s


running 0 tests

test result: ok. 0 passed; 0 failed; 0 ignored; 0 measured; 0 filtered out; finished in 0.00s


running 0 tests

test result: ok. 0 passed; 0 failed; 0 ignored; 0 measured; 0 filtered out; finished in 0.00s


running 0 tests

test result: ok. 0 passed; 0 failed; 0 ignored; 0 measured; 0 filtered out; finished in 0.00s


running 0 tests

test result: ok. 0 passed; 0 failed; 0 ignored; 0 measured; 0 filtered out; finished in 0.00s


running 0 tests

test result: ok. 0 passed; 0 failed; 0 ignored; 0 measured; 0 filtered out; finished in 0.00s


running 0 tests

test result: ok. 0 passed; 0 failed; 0 ignored; 0 measured; 0 filtered out; finished in 0.00s


running 0 tests

test result: ok. 0 passed; 0 failed; 0 ignored; 0 measured; 0 filtered out; finished in 0.00s


running 0 tests

test result: ok. 0 passed; 0 failed; 0 ignored; 0 measured; 0 filtered out; finished in 0.00s


running 0 tests

test result: ok. 0 passed; 0 failed; 0 ignored; 0 measured; 0 filtered out; finished in 0.00s


running 0 tests

test result: ok. 0 passed; 0 failed; 0 ignored; 0 measured; 0 filtered out; finished in 0.00s

[POLICY] PASS
ORIENTATION_STDOUT build-2d OK cfg=7ab85fd08983faf744da53fec4d8f9a4de145314947068209b8036680a3fceee
EPOCH_STDOUT lift-3d OK cfg=7ab85fd08983faf744da53fec4d8f9a4de145314947068209b8036680a3fceee
GATES_STDOUT delta_e_monotone=true jac_bound_ok=true mode_lock_pass=true
[POLICY] PASS
GATES_STDOUT verify gates_ok=true dep_cert=true gc_invariants=true lift=true stab=true cad_sos=true
{
  "cfg_hash": "7ab85fd08983faf744da53fec4d8f9a4de145314947068209b8036680a3fceee",
  "gate_summary": {
    "cad_sos_present": true,
    "dep_cert_present": true,
    "egraph_proof_valid": true,
    "gates_ok": true,
    "gc_invariants_pass": true,
    "lift_pass": true,
    "stab_pass": true
  },
  "sidecars": {
    "A_egraph": {
      "note": "demo equality",
      "same_class": true
    },
    "B_bareiss": {
      "G": {
        "det": 6,
        "g00": 2,
        "g01": 0,
        "g11": 3
      },
      "certificate": "rank(A)=2 via det(A^T A)!=0 (fraction-free integer arithmetic)",
      "rank": 2,
      "selected_normals": [
        [
          0,
          1
        ],
        [
          1,
          -1
        ],
        [
          1,
          1
        ]
      ]
    },
    "C_gc": {
      "collinear_triplets": 60,
      "concurrency_points_ge3": [
        {
          "degree": 3,
          "x": "0",
          "y": "0"
        }
      ],
      "lines_with_ge3_points": 3,
      "max_concurrency_degree": 3,
      "n_lines_unique": 111,
      "n_vertices": 18,
      "pass": true
    },
    "D_cad_sos": {
      "checks": {
        "first_failure": null,
        "helix_step": {
          "count": 15,
          "failures": 0
        },
        "pitch": "1/1",
        "quaternion_unit": {
          "count": 18,
          "failures": 0
        },
        "rotation_identity": true,
        "rotation_parameter": "1/2",
        "rotor_parameter": "1/3",
        "rotor_step": {
          "count": 15,
          "failures": 0
        }
      },
      "pass": true
    },
    "LIFT": {
      "checks": [
        {
          "ok_quaternion": true,
          "ok_radius": true,
          "ok_step": true,
          "pass": true,
          "radius_sq": "1/1",
          "strand": 0
        },
        {
          "ok_quaternion": true,
          "ok_radius": true,
          "ok_step": true,
          "pass": true,
          "radius_sq": "4/1",
          "strand": 1
        },
        {
          "ok_quaternion": true,
          "ok_radius": true,
          "ok_step": true,
          "pass": true,
          "radius_sq": "9/1",
          "strand": 2
        }
      ],
      "pass": true,
      "pitch": "1/1",
      "rot": {
        "cos": "3/5",
        "sin": "4/5"
      }
    },
    "STAB": {
      "available": true,
      "delta_e_monotone": true,
      "jac_spectral_bound_ok": true,
      "mode_lock_pass": true
    }
  },
  "timestamp": "2025-10-28T02:43:45.507037921+00:00"
}
{
  "gates_ok": true,
  "egraph_proof_valid": true,
  "dep_cert_present": true,
  "gc_invariants_pass": true,
  "cad_sos_present": true
}
----- VERIFY SUMMARY -----
{
  "gates_ok": true,
  "A_egraph": true,
  "B_dep_cert": true,
  "C_gc": true,
  "CAD_SOS": true,
  "LIFT": true,
  "STAB": true,
  "ts": "2025-10-28T02:43:45.507037921+00:00"
}

----- GC DETAIL -----
{
  "n_vertices": 18,
  "n_lines_unique": 111,
  "collinear_triplets": 60,
  "max_concurrency_degree": 3,
  "concurrency_points_ge3": [
    {
      "degree": 3,
      "x": "0",
      "y": "0"
    }
  ]
}

----- DEQ REPORT -----
{
  "delta_e_monotone": true,
  "jac_spectral_bound_ok": true,
  "mode_lock_pass": true,
  "notes": {
    "alpha": null,
    "norm_inf_J": null,
    "K": null
  }
}
----- DEQ ENERGY TRACE (first 8) -----
[
  "18/1",
  "984/55",
  "53792/3025",
  "8821888/499125",
  "1446789632/82355625",
  "237273499648/13588678125",
  "38912853942272/2242131890625",
  "6381708046532608/369951761953125"
]


----- CAD/SOS -----
{
  "pass": true,
  "checks": {
    "first_failure": null,
    "helix_step": {
      "count": 15,
      "failures": 0
    },
    "pitch": "1/1",
    "quaternion_unit": {
      "count": 18,
      "failures": 0
    },
    "rotation_identity": true,
    "rotation_parameter": "1/2",
    "rotor_parameter": "1/3",
    "rotor_step": {
      "count": 15,
      "failures": 0
    }
  }
}

----- LIFT INVARIANTS -----
{
  "pass": true,
  "pitch": "1/1",
  "rot": {
    "cos": "3/5",
    "sin": "4/5"
  },
  "checks": [
    {
      "ok_quaternion": true,
      "ok_radius": true,
      "ok_step": true,
      "pass": true,
      "radius_sq": "1/1",
      "strand": 0
    },
    {
      "ok_quaternion": true,
      "ok_radius": true,
      "ok_step": true,
      "pass": true,
      "radius_sq": "4/1",
      "strand": 1
    },
    {
      "ok_quaternion": true,
      "ok_radius": true,
      "ok_step": true,
      "pass": true,
      "radius_sq": "9/1",
      "strand": 2
    }
  ]
}

----- STAB DETAILS -----
{
  "available": true,
  "delta_e_monotone": true,
  "jac_spectral_bound_ok": true,
  "mode_lock_pass": true
}

----- BAREISS DEP-CERT -----
{
  "G": {
    "det": 6,
    "g00": 2,
    "g01": 0,
    "g11": 3
  },
  "certificate": "rank(A)=2 via det(A^T A)!=0 (fraction-free integer arithmetic)",
  "rank": 2,
  "selected_normals": [
    [
      0,
      1
    ],
    [
      1,
      -1
    ],
    [
      1,
      1
    ]
  ]
}
[REBUILD] receipts refreshed.
[REBUILD] PASS: full verify and receipts complete
===== STDERR =====
    Finished `dev` profile [unoptimized + debuginfo] target(s) in 0.58s
    Finished `test` profile [unoptimized + debuginfo] target(s) in 0.60s
     Running unittests src/lib.rs (target/debug/deps/checks-c644da47fb065473)
     Running unittests src/lib.rs (target/debug/deps/deq_core-3a163df8fc6f06b9)
     Running unittests src/main.rs (target/debug/deps/dual_cli-22fb313572689bc0)
     Running unittests src/lib.rs (target/debug/deps/dynamics_deq-7c6970c861dd2f62)
     Running unittests src/lib.rs (target/debug/deps/geometry_core-d06ce174c5a6ec69)
     Running unittests src/lib.rs (target/debug/deps/invariants-6727ab6a0c050150)
     Running unittests src/main.rs (target/debug/deps/snic_rust-dcc1a2410a9a7481)
     Running unittests src/lib.rs (target/debug/deps/lift_3d-2baab5e914100276)
     Running unittests src/main.rs (target/debug/deps/pipeline_cpu-01b14429d61bcb11)
     Running unittests src/lib.rs (target/debug/deps/proof_gates-5fc605030828eea9)
     Running unittests src/lib.rs (target/debug/deps/resonance_cpu-ee074b1d4b257dd0)
     Running unittests src/lib.rs (target/debug/deps/snic_tests-22d4aeb99e3b71c8)
     Running tests/core_invariants.rs (target/debug/deps/core_invariants-8b31b1eb84a2f9d4)
     Running tests/lift_bigrat.rs (target/debug/deps/lift_bigrat-24249684e3104c8d)
     Running unittests src/lib.rs (target/debug/deps/yantra_2d-f0f5e4e28448a800)
     Running unittests src/lib.rs (target/debug/deps/yantra_3d_dual-eac04d23ac87395c)
     Running tests/a_gates.rs (target/debug/deps/a_gates-4bb5ece1fedb2955)
   Doc-tests checks
   Doc-tests deq_core
   Doc-tests dynamics_deq
   Doc-tests geometry_core
   Doc-tests invariants
   Doc-tests lift_3d
   Doc-tests proof_gates
   Doc-tests resonance_cpu
   Doc-tests snic_tests
   Doc-tests yantra_2d
   Doc-tests yantra_3d_dual
    Finished `dev` profile [unoptimized + debuginfo] target(s) in 0.51s
     Running `target/debug/snic_rust build-2d --config configs/CONFIG.json`
    Finished `dev` profile [unoptimized + debuginfo] target(s) in 0.51s
     Running `target/debug/snic_rust lift-3d --config configs/CONFIG.json`
    Finished `dev` profile [unoptimized + debuginfo] target(s) in 0.56s
     Running `target/debug/snic_rust solve-h2 --config configs/CONFIG.json`
    Finished `dev` profile [unoptimized + debuginfo] target(s) in 0.62s
     Running `target/debug/snic_rust verify --config configs/CONFIG.json`
