--- K2: Scar Formation Grid Search (Multi-Pattern) ---

=== Testing Lesson Count: 0 ===
Lessons: 0, Max Scar Weight: 0.000000000e0
KPI_K2_SCAR_WEIGHTS lessons=0 max_abs_delta=0.000000000e0 mean_abs_delta=0.000000000e0 changed_edges=0 total_edges=4560
  Noise 0.1:
    Pattern Bhupura: Recall Error = 50.7199
    Pattern Lotus: Recall Error = 31.8213
KPI_K2 lesson=0 noise=0.100 avg_recall_err=41.270588 baseline_recall_err=41.270588 uplift=0.000000 scar_max=0.000000
  Noise 0.2:
    Pattern Bhupura: Recall Error = 50.7916
    Pattern Lotus: Recall Error = 31.9970
KPI_K2 lesson=0 noise=0.200 avg_recall_err=41.394295 baseline_recall_err=41.394295 uplift=0.000000 scar_max=0.000000
KPI_K2_LESSON lessons=0 eta=0.2000 duration_sec=157.275 evals_per_sec=0.025

=== Testing Lesson Count: 3 ===
Lessons: 3, Max Scar Weight: 5.467877984e-1
KPI_K2_SCAR_WEIGHTS lessons=3 max_abs_delta=2.000000477e-1 mean_abs_delta=8.298299462e-2 changed_edges=1892 total_edges=4560
  Noise 0.1:
    Pattern Bhupura: Recall Error = 51.8258
    Pattern Lotus: Recall Error = 29.6289
KPI_K2 lesson=3 noise=0.100 avg_recall_err=40.727348 baseline_recall_err=41.270588 uplift=0.543240 scar_max=0.546788
  Noise 0.2:
    Pattern Bhupura: Recall Error = 51.9231
    Pattern Lotus: Recall Error = 29.8124
KPI_K2 lesson=3 noise=0.200 avg_recall_err=40.867733 baseline_recall_err=41.394295 uplift=0.526562 scar_max=0.546788
KPI_K2_LESSON lessons=3 eta=0.2000 duration_sec=381.058 evals_per_sec=0.010
KPI_K2_SUMMARY duration_sec=538.334 max_scar_weight=0.546788 best_uplift=0.543240
