--- K2: Scar Formation Grid Search (Multi-Pattern) ---

=== Testing Lesson Count: 0 ===
Lessons: 0, Max Scar Weight: 0.000000000e0
KPI_K2_SCAR_WEIGHTS lessons=0 max_abs_delta=0.000000000e0 mean_abs_delta=0.000000000e0 changed_edges=0 total_edges=4560
  Noise 0.1:
    Pattern Bhupura: Recall Error = 50.1112
    Pattern Lotus: Recall Error = 30.7948
KPI_K2 lesson=0 noise=0.100 avg_recall_err=40.453030 baseline_recall_err=40.453030 uplift=0.000000 scar_max=0.000000
  Noise 0.2:
    Pattern Bhupura: Recall Error = 50.1816
    Pattern Lotus: Recall Error = 30.9629
KPI_K2 lesson=0 noise=0.200 avg_recall_err=40.572273 baseline_recall_err=40.572273 uplift=0.000000 scar_max=0.000000
KPI_K2_LESSON lessons=0 eta=0.2000 duration_sec=625.572 evals_per_sec=0.006

=== Testing Lesson Count: 3 ===
Lessons: 3, Max Scar Weight: 5.574967265e-1
KPI_K2_SCAR_WEIGHTS lessons=3 max_abs_delta=2.000000477e-1 mean_abs_delta=8.298308402e-2 changed_edges=1892 total_edges=4560
  Noise 0.1:
    Pattern Bhupura: Recall Error = 50.9361
    Pattern Lotus: Recall Error = 28.8316
KPI_K2 lesson=3 noise=0.100 avg_recall_err=39.883858 baseline_recall_err=40.453030 uplift=0.569172 scar_max=0.557497
  Noise 0.2:
    Pattern Bhupura: Recall Error = 51.0323
    Pattern Lotus: Recall Error = 29.0094
KPI_K2 lesson=3 noise=0.200 avg_recall_err=40.020817 baseline_recall_err=40.572273 uplift=0.551456 scar_max=0.557497
KPI_K2_LESSON lessons=3 eta=0.2000 duration_sec=1584.014 evals_per_sec=0.003
KPI_K2_SUMMARY duration_sec=2209.590 max_scar_weight=0.557497 best_uplift=0.569172
