--- K2: Scar Formation Grid Search (Multi-Pattern) ---

=== Testing Lesson Count: 0 ===
Lessons: 0, Max Scar Weight: 0.000000000e0
KPI_K2_SCAR_WEIGHTS lessons=0 max_abs_delta=0.000000000e0 mean_abs_delta=0.000000000e0 changed_edges=0 total_edges=4560
  Noise 0.1:
    Pattern Bhupura: Recall Error = 129.8627
    Pattern Lotus: Recall Error = 91.4235
KPI_K2 lesson=0 noise=0.100 avg_recall_err=110.643135 baseline_recall_err=110.643135 uplift=0.000000 scar_max=0.000000
  Noise 0.2:
    Pattern Bhupura: Recall Error = 129.9125
    Pattern Lotus: Recall Error = 91.4790
KPI_K2 lesson=0 noise=0.200 avg_recall_err=110.695709 baseline_recall_err=110.695709 uplift=0.000000 scar_max=0.000000
KPI_K2_LESSON lessons=0 eta=0.2000 duration_sec=471.606 evals_per_sec=0.008

=== Testing Lesson Count: 3 ===
Lessons: 3, Max Scar Weight: 7.572323680e-1
KPI_K2_SCAR_WEIGHTS lessons=3 max_abs_delta=1.999999881e-1 mean_abs_delta=8.296608925e-2 changed_edges=1892 total_edges=4560
  Noise 0.1:
    Pattern Bhupura: Recall Error = 128.2518
    Pattern Lotus: Recall Error = 90.0653
KPI_K2 lesson=3 noise=0.100 avg_recall_err=109.158569 baseline_recall_err=110.643135 uplift=1.484566 scar_max=0.757232
  Noise 0.2:
    Pattern Bhupura: Recall Error = 128.3161
    Pattern Lotus: Recall Error = 90.1314
KPI_K2 lesson=3 noise=0.200 avg_recall_err=109.223770 baseline_recall_err=110.695709 uplift=1.471939 scar_max=0.757232
KPI_K2_LESSON lessons=3 eta=0.2000 duration_sec=1201.614 evals_per_sec=0.003
KPI_K2_SUMMARY duration_sec=1673.224 max_scar_weight=0.757232 best_uplift=1.484566
