2025-10-30T03:40:16.326370601+00:00 | [ENV] LC_ALL=C LANG=C TZ=UTC UMASK=022 SOURCE_DATE_EPOCH=1704067200 CLICOLOR=0
2025-10-30T03:40:16.326469351+00:00 | [RUN run00] start
2025-10-30T03:40:16.326739455+00:00 | [CMD] /data/local/tmp/SoC_runtime/workspace/scripts/POLICY_CHECK.sh 
2025-10-30T03:40:55.282889284+00:00 | [ENV] LC_ALL=C LANG=C TZ=UTC UMASK=022 SOURCE_DATE_EPOCH=1704067200 CLICOLOR=0
2025-10-30T03:40:55.282939440+00:00 | [RUN run00] start
2025-10-30T03:40:55.283290482+00:00 | [CMD] /data/local/tmp/SoC_runtime/workspace/scripts/POLICY_CHECK.sh 
2025-10-30T03:41:26.596144584+00:00 | [ENV] LC_ALL=C LANG=C TZ=UTC UMASK=022 SOURCE_DATE_EPOCH=1704067200 CLICOLOR=0
2025-10-30T03:41:26.596195678+00:00 | [RUN run00] start
2025-10-30T03:41:26.596524741+00:00 | [CMD] /data/local/tmp/SoC_runtime/workspace/scripts/POLICY_CHECK.sh 
2025-10-30T03:43:02.474906267+00:00 | [ENV] LC_ALL=C LANG=C TZ=UTC UMASK=022 SOURCE_DATE_EPOCH=1704067200 CLICOLOR=0
2025-10-30T03:43:02.474971944+00:00 | [RUN run00] start
2025-10-30T03:43:02.475366162+00:00 | [CMD] /data/local/tmp/SoC_runtime/workspace/scripts/POLICY_CHECK.sh 
2025-10-30T03:43:02.530736319+00:00 | [CONFIG] baseline restored
2025-10-30T03:43:02.549283975+00:00 | [CONFIG] override applied from /sdcard/snic/tests/soc/T101/config.json
2025-10-30T03:43:02.549494392+00:00 | [CMD] cargo build --locked
2025-10-30T03:43:02.557982412+00:00 | [CMD] cargo test --workspace -- --nocapture
2025-10-30T03:43:02.566472569+00:00 | [CMD] /data/local/tmp/SoC_runtime/workspace/scripts/REPRODUCE.sh 
2025-10-30T03:43:02.907316162+00:00 | [CMD] /data/local/tmp/SoC_runtime/workspace/scripts/REPORT.sh 
2025-10-30T03:43:03.952374131+00:00 | [RECEIPTS] refreshed
2025-10-30T03:43:03.952459391+00:00 | [RUN run00] verify=f992e9c833f15d579224c463fd730d6b238cf0e7cab26dc551eef4b01bc124a1
2025-10-30T03:43:03.952466891+00:00 | [RUN run00] solve_h2=a33c5cc4a91d1c5bab4adff29d3b56b6cb059f3b2268cc92ea5bf2b201d13364
2026-04-03T11:51:53.847392972+00:00 | [ENV] LC_ALL=C LANG=C TZ=UTC UMASK=022 SOURCE_DATE_EPOCH=1704067200 CLICOLOR=0
2026-04-03T11:51:53.847559378+00:00 | [RUN run00] start
2026-04-03T11:51:53.848142347+00:00 | [CMD] /data/local/tmp/SoC_runtime/workspace/scripts/POLICY_CHECK.sh 
2026-04-03T11:51:53.907237868+00:00 | [CONFIG] baseline restored
2026-04-03T11:51:53.907508961+00:00 | [CMD] cargo build --locked
2026-04-03T11:52:46.006950452+00:00 | [ENV] LC_ALL=C LANG=C TZ=UTC UMASK=022 SOURCE_DATE_EPOCH=1704067200 CLICOLOR=0
2026-04-03T11:52:46.007085348+00:00 | [RUN run00] start
2026-04-03T11:52:46.007438629+00:00 | [CMD] /data/local/tmp/SoC_runtime/workspace/scripts/POLICY_CHECK.sh 
2026-04-03T11:52:46.070610504+00:00 | [CONFIG] baseline restored
2026-04-03T11:52:46.070827067+00:00 | [CMD] cargo build --locked
2026-04-03T11:52:46.081650348+00:00 | [CMD] cargo test --workspace -- --nocapture
2026-04-03T11:52:46.091731285+00:00 | [CMD] /data/local/tmp/SoC_runtime/workspace/scripts/REPRODUCE.sh 
2026-04-03T11:52:46.476555660+00:00 | [CMD] /data/local/tmp/SoC_runtime/workspace/scripts/REPORT.sh 
2026-04-03T11:52:47.744709514+00:00 | [RECEIPTS] refreshed
2026-04-03T11:52:47.744818316+00:00 | [RUN run00] verify=f992e9c833f15d579224c463fd730d6b238cf0e7cab26dc551eef4b01bc124a1
2026-04-03T11:52:47.744826858+00:00 | [RUN run00] solve_h2=a33c5cc4a91d1c5bab4adff29d3b56b6cb059f3b2268cc92ea5bf2b201d13364
2026-04-03T11:54:04.279137870+00:00 | [ENV] LC_ALL=C LANG=C TZ=UTC UMASK=022 SOURCE_DATE_EPOCH=1704067200 CLICOLOR=0
2026-04-03T11:54:04.279434745+00:00 | [VALIDATE] dir=/data/local/tmp/SoC_runtime/workspace/audit/adb_probe_protocol_pathfix/run00 verify=f992e9c833f15d579224c463fd730d6b238cf0e7cab26dc551eef4b01bc124a1 solve=a33c5cc4a91d1c5bab4adff29d3b56b6cb059f3b2268cc92ea5bf2b201d13364
2026-04-03T11:54:29.268574319+00:00 | [ENV] LC_ALL=C LANG=C TZ=UTC UMASK=022 SOURCE_DATE_EPOCH=1704067200 CLICOLOR=0
2026-04-03T11:54:29.269054631+00:00 | [VALIDATE] dir=/data/local/tmp/SoC_runtime/workspace/audit/adb_probe_protocol_pathfix/run00 verify=f992e9c833f15d579224c463fd730d6b238cf0e7cab26dc551eef4b01bc124a1 solve=a33c5cc4a91d1c5bab4adff29d3b56b6cb059f3b2268cc92ea5bf2b201d13364
2026-04-03T11:56:10.166617822+00:00 | [ENV] LC_ALL=C LANG=C TZ=UTC UMASK=022 SOURCE_DATE_EPOCH=1704067200 CLICOLOR=0
2026-04-03T11:56:10.166857353+00:00 | [RUN run00] start
2026-04-03T11:56:10.167855166+00:00 | [CMD] /data/local/tmp/SoC_runtime/workspace/scripts/POLICY_CHECK.sh 
2026-04-03T11:56:10.252970114+00:00 | [CONFIG] baseline restored
2026-04-03T11:56:10.253188134+00:00 | [CMD] cargo build --locked
2026-04-03T11:56:10.264334072+00:00 | [CMD] cargo test --workspace -- --nocapture
2026-04-03T11:56:10.276726259+00:00 | [CMD] /data/local/tmp/SoC_runtime/workspace/scripts/REPRODUCE.sh 
2026-04-03T11:56:10.691188134+00:00 | [CMD] /data/local/tmp/SoC_runtime/workspace/scripts/REPORT.sh 
2026-04-03T11:56:12.008518238+00:00 | [RECEIPTS] refreshed
2026-04-03T11:56:12.008715634+00:00 | [RUN run00] verify=f992e9c833f15d579224c463fd730d6b238cf0e7cab26dc551eef4b01bc124a1
2026-04-03T11:56:12.008725634+00:00 | [RUN run00] solve_h2=a33c5cc4a91d1c5bab4adff29d3b56b6cb059f3b2268cc92ea5bf2b201d13364
2026-04-03T11:58:04.396976320+00:00 | [ENV] LC_ALL=C LANG=C TZ=UTC UMASK=022 SOURCE_DATE_EPOCH=1704067200 CLICOLOR=0
2026-04-03T11:58:04.397247570+00:00 | [VALIDATE] dir=/data/local/tmp/SoC_runtime/workspace/audit/rm10_soc_runtime_g01_20260403/run00 verify=f992e9c833f15d579224c463fd730d6b238cf0e7cab26dc551eef4b01bc124a1 solve=a33c5cc4a91d1c5bab4adff29d3b56b6cb059f3b2268cc92ea5bf2b201d13364
2026-04-03T11:58:04.664019028+00:00 | [ENV] LC_ALL=C LANG=C TZ=UTC UMASK=022 SOURCE_DATE_EPOCH=1704067200 CLICOLOR=0
2026-04-03T11:58:04.664187882+00:00 | [VALIDATE] dir=/data/local/tmp/SoC_runtime/workspace/audit/adb_probe_protocol_pathfix/run00 verify=f992e9c833f15d579224c463fd730d6b238cf0e7cab26dc551eef4b01bc124a1 solve=a33c5cc4a91d1c5bab4adff29d3b56b6cb059f3b2268cc92ea5bf2b201d13364
2026-04-03T11:58:17.266995221+00:00 | [ENV] LC_ALL=C LANG=C TZ=UTC UMASK=022 SOURCE_DATE_EPOCH=1704067200 CLICOLOR=0
2026-04-03T11:58:17.267256628+00:00 | [VALIDATE] dir=/data/local/tmp/SoC_runtime/workspace/audit/rm10_soc_runtime_g01_20260403/run00 verify=f992e9c833f15d579224c463fd730d6b238cf0e7cab26dc551eef4b01bc124a1 solve=a33c5cc4a91d1c5bab4adff29d3b56b6cb059f3b2268cc92ea5bf2b201d13364
2026-04-03T11:58:36.886474172+00:00 | [ENV] LC_ALL=C LANG=C TZ=UTC UMASK=022 SOURCE_DATE_EPOCH=1704067200 CLICOLOR=0
2026-04-03T11:58:36.886727610+00:00 | [VALIDATE] dir=/data/local/tmp/SoC_runtime/workspace/audit/rm10_soc_runtime_g01_20260403/run00 verify=f992e9c833f15d579224c463fd730d6b238cf0e7cab26dc551eef4b01bc124a1 solve=a33c5cc4a91d1c5bab4adff29d3b56b6cb059f3b2268cc92ea5bf2b201d13364
2026-04-03T11:58:36.942881985+00:00 | [ENV] LC_ALL=C LANG=C TZ=UTC UMASK=022 SOURCE_DATE_EPOCH=1704067200 CLICOLOR=0
2026-04-03T11:58:36.943081204+00:00 | [VALIDATE] dir=/data/local/tmp/SoC_runtime/workspace/audit/rm10_soc_runtime_g01_20260403/run00 verify=f992e9c833f15d579224c463fd730d6b238cf0e7cab26dc551eef4b01bc124a1 solve=a33c5cc4a91d1c5bab4adff29d3b56b6cb059f3b2268cc92ea5bf2b201d13364
2026-04-03T15:19:41.959558558+00:00 | [ENV] LC_ALL=C LANG=C TZ=UTC UMASK=022 SOURCE_DATE_EPOCH=1704067200 CLICOLOR=0
2026-04-03T15:19:41.959779652+00:00 | [RUN run00] start
2026-04-03T15:19:41.960350277+00:00 | [CMD] /data/local/tmp/SoC_runtime/workspace/scripts/POLICY_CHECK.sh 
2026-04-03T15:19:42.011695746+00:00 | [CONFIG] baseline restored
2026-04-03T15:19:42.011871214+00:00 | [CMD] cargo build --locked
2026-04-03T15:19:42.020824027+00:00 | [CMD] cargo test --workspace -- --nocapture
2026-04-03T15:19:42.028987725+00:00 | [CMD] /data/local/tmp/SoC_runtime/workspace/scripts/REPRODUCE.sh 
2026-04-03T15:19:42.368238871+00:00 | [CMD] /data/local/tmp/SoC_runtime/workspace/scripts/REPORT.sh 
2026-04-03T15:19:43.427363089+00:00 | [RECEIPTS] refreshed
2026-04-03T15:19:43.427456787+00:00 | [RUN run00] verify=f992e9c833f15d579224c463fd730d6b238cf0e7cab26dc551eef4b01bc124a1
2026-04-03T15:19:43.427464183+00:00 | [RUN run00] solve_h2=a33c5cc4a91d1c5bab4adff29d3b56b6cb059f3b2268cc92ea5bf2b201d13364
2026-04-03T15:20:23.865305053+00:00 | [ENV] LC_ALL=C LANG=C TZ=UTC UMASK=022 SOURCE_DATE_EPOCH=1704067200 CLICOLOR=0
2026-04-03T15:20:23.865484688+00:00 | [VALIDATE] dir=/data/local/tmp/SoC_runtime/workspace/audit/phase012_rm10_soc_g01/run00 verify=f992e9c833f15d579224c463fd730d6b238cf0e7cab26dc551eef4b01bc124a1 solve=a33c5cc4a91d1c5bab4adff29d3b56b6cb059f3b2268cc92ea5bf2b201d13364
2026-04-03T15:20:23.912238594+00:00 | [ENV] LC_ALL=C LANG=C TZ=UTC UMASK=022 SOURCE_DATE_EPOCH=1704067200 CLICOLOR=0
2026-04-03T15:20:23.912357084+00:00 | [VALIDATE] dir=/data/local/tmp/SoC_runtime/workspace/audit/phase012_rm10_soc_g01/run00 verify=f992e9c833f15d579224c463fd730d6b238cf0e7cab26dc551eef4b01bc124a1 solve=a33c5cc4a91d1c5bab4adff29d3b56b6cb059f3b2268cc92ea5bf2b201d13364
2026-04-03T15:32:27.538139464+00:00 | [ENV] LC_ALL=C LANG=C TZ=UTC UMASK=022 SOURCE_DATE_EPOCH=1704067200 CLICOLOR=0
2026-04-03T15:32:27.538493683+00:00 | [RUN run00] start
2026-04-03T15:32:27.539635037+00:00 | [CMD] /data/local/tmp/SoC_runtime/workspace/scripts/POLICY_CHECK.sh 
2026-04-03T15:32:27.612097745+00:00 | [CONFIG] baseline restored
2026-04-03T15:32:27.612265506+00:00 | [CMD] cargo build --locked
2026-04-03T15:32:27.620402589+00:00 | [CMD] cargo test --workspace -- --nocapture
2026-04-03T15:32:27.627922381+00:00 | [CMD] /data/local/tmp/SoC_runtime/workspace/scripts/REPRODUCE.sh 
2026-04-03T15:32:27.957296339+00:00 | [CMD] /data/local/tmp/SoC_runtime/workspace/scripts/REPORT.sh 
2026-04-03T15:32:28.998944620+00:00 | [RECEIPTS] refreshed
2026-04-03T15:32:28.999033370+00:00 | [RUN run00] verify=f992e9c833f15d579224c463fd730d6b238cf0e7cab26dc551eef4b01bc124a1
2026-04-03T15:32:28.999040557+00:00 | [RUN run00] solve_h2=a33c5cc4a91d1c5bab4adff29d3b56b6cb059f3b2268cc92ea5bf2b201d13364
2026-04-03T15:33:09.028130646+00:00 | [ENV] LC_ALL=C LANG=C TZ=UTC UMASK=022 SOURCE_DATE_EPOCH=1704067200 CLICOLOR=0
2026-04-03T15:33:09.028314761+00:00 | [VALIDATE] dir=/data/local/tmp/SoC_runtime/workspace/audit/phase_01_2_soc_runtime_g01_20260403/run00 verify=f992e9c833f15d579224c463fd730d6b238cf0e7cab26dc551eef4b01bc124a1 solve=a33c5cc4a91d1c5bab4adff29d3b56b6cb059f3b2268cc92ea5bf2b201d13364
2026-04-03T15:33:09.030072052+00:00 | [ENV] LC_ALL=C LANG=C TZ=UTC UMASK=022 SOURCE_DATE_EPOCH=1704067200 CLICOLOR=0
2026-04-03T15:33:09.030191323+00:00 | [VALIDATE] dir=/data/local/tmp/SoC_runtime/workspace/audit/phase_01_2_soc_runtime_g01_20260403/run00 verify=f992e9c833f15d579224c463fd730d6b238cf0e7cab26dc551eef4b01bc124a1 solve=a33c5cc4a91d1c5bab4adff29d3b56b6cb059f3b2268cc92ea5bf2b201d13364
2026-04-04T23:22:00.385930173+00:00 | [ENV] LC_ALL=C LANG=C TZ=UTC UMASK=022 SOURCE_DATE_EPOCH=1704067200 CLICOLOR=0
2026-04-04T23:22:00.388575486+00:00 | [RUN run00] start
2026-04-04T23:22:00.389485017+00:00 | [CMD] /data/local/tmp/SoC_runtime/workspace/scripts/POLICY_CHECK.sh 
2026-04-04T23:22:00.424031736+00:00 | [CONFIG] baseline restored
2026-04-04T23:22:00.424177204+00:00 | [CMD] cargo build --locked
2026-04-04T23:22:00.430820017+00:00 | [CMD] cargo test --workspace -- --nocapture
2026-04-04T23:22:00.437207986+00:00 | [CMD] /data/local/tmp/SoC_runtime/workspace/scripts/REPRODUCE.sh 
2026-04-04T23:22:00.668746683+00:00 | [CMD] /data/local/tmp/SoC_runtime/workspace/scripts/REPORT.sh 
2026-04-04T23:22:01.407303298+00:00 | [RECEIPTS] refreshed
2026-04-04T23:22:01.407357673+00:00 | [RUN run00] verify=f992e9c833f15d579224c463fd730d6b238cf0e7cab26dc551eef4b01bc124a1
2026-04-04T23:22:01.407362048+00:00 | [RUN run00] solve_h2=a33c5cc4a91d1c5bab4adff29d3b56b6cb059f3b2268cc92ea5bf2b201d13364
