--- K2: Scar Formation Grid Search (Multi-Pattern) ---

=== Testing Lesson Count: 0 ===
Lessons: 0, Max Scar Weight: 0.000000000e0
KPI_K2_SCAR_WEIGHTS lessons=0 max_abs_delta=0.000000000e0 mean_abs_delta=0.000000000e0 changed_edges=0 total_edges=4560
  Noise 0.1:
    Pattern Bhupura: Recall Error = 33.4916
    Pattern Lotus: Recall Error = 16.4878
KPI_K2 lesson=0 noise=0.100 avg_recall_err=24.989689 baseline_recall_err=24.989689 uplift=0.000000 scar_max=0.000000
  Noise 0.2:
    Pattern Bhupura: Recall Error = 33.8143
    Pattern Lotus: Recall Error = 16.9597
KPI_K2 lesson=0 noise=0.200 avg_recall_err=25.387001 baseline_recall_err=25.387001 uplift=0.000000 scar_max=0.000000
KPI_K2_LESSON lessons=0 eta=0.2000 duration_sec=122.573 evals_per_sec=0.033

=== Testing Lesson Count: 3 ===
Lessons: 3, Max Scar Weight: 9.659284353e-1
KPI_K2_SCAR_WEIGHTS lessons=3 max_abs_delta=2.000000477e-1 mean_abs_delta=8.298348635e-2 changed_edges=1892 total_edges=4560
  Noise 0.1:
    Pattern Bhupura: Recall Error = 32.6084
    Pattern Lotus: Recall Error = 15.7590
KPI_K2 lesson=3 noise=0.100 avg_recall_err=24.183689 baseline_recall_err=24.989689 uplift=0.806000 scar_max=0.965928
  Noise 0.2:
    Pattern Bhupura: Recall Error = 32.9519
    Pattern Lotus: Recall Error = 16.3456
KPI_K2 lesson=3 noise=0.200 avg_recall_err=24.648773 baseline_recall_err=25.387001 uplift=0.738228 scar_max=0.965928
KPI_K2_LESSON lessons=3 eta=0.2000 duration_sec=399.896 evals_per_sec=0.010
KPI_K2_SUMMARY duration_sec=522.471 max_scar_weight=0.965928 best_uplift=0.806000
