--- K2: Scar Formation Grid Search (Multi-Pattern) ---

=== Testing Lesson Count: 0 ===
Lessons: 0, Max Scar Weight: 0.000000000e0
KPI_K2_SCAR_WEIGHTS lessons=0 max_abs_delta=0.000000000e0 mean_abs_delta=0.000000000e0 changed_edges=0 total_edges=4560
  Noise 0.1:
    Pattern Bhupura: Recall Error = 31.0934
    Pattern Lotus: Recall Error = 14.9194
KPI_K2 lesson=0 noise=0.100 avg_recall_err=23.006378 baseline_recall_err=23.006378 uplift=0.000000 scar_max=0.000000
  Noise 0.2:
    Pattern Bhupura: Recall Error = 31.4935
    Pattern Lotus: Recall Error = 15.4754
KPI_K2 lesson=0 noise=0.200 avg_recall_err=23.484417 baseline_recall_err=23.484417 uplift=0.000000 scar_max=0.000000
KPI_K2_LESSON lessons=0 eta=0.2000 duration_sec=175.747 evals_per_sec=0.023

=== Testing Lesson Count: 3 ===
Lessons: 3, Max Scar Weight: 1.018042684e0
KPI_K2_SCAR_WEIGHTS lessons=3 max_abs_delta=2.000000477e-1 mean_abs_delta=2.000081688e-1 changed_edges=4560 total_edges=4560
  Noise 0.1:
    Pattern Bhupura: Recall Error = 31.2999
    Pattern Lotus: Recall Error = 14.8083
KPI_K2 lesson=3 noise=0.100 avg_recall_err=23.054104 baseline_recall_err=23.006378 uplift=-0.047726 scar_max=1.018043
  Noise 0.2:
    Pattern Bhupura: Recall Error = 31.6900
    Pattern Lotus: Recall Error = 15.3742
KPI_K2 lesson=3 noise=0.200 avg_recall_err=23.532095 baseline_recall_err=23.484417 uplift=-0.047678 scar_max=1.018043
KPI_K2_LESSON lessons=3 eta=0.2000 duration_sec=405.293 evals_per_sec=0.010
KPI_K2_SUMMARY duration_sec=581.042 max_scar_weight=1.018043 best_uplift=0.000000
