--- K2: Scar Formation Grid Search (Multi-Pattern) ---

=== Testing Lesson Count: 0 ===
Lessons: 0, Max Scar Weight: 0.000000000e0
KPI_K2_SCAR_WEIGHTS lessons=0 max_abs_delta=0.000000000e0 mean_abs_delta=0.000000000e0 changed_edges=0 total_edges=4560
  Noise 0.1:
    Pattern Bhupura: Recall Error = 89.2929
    Pattern Lotus: Recall Error = 57.1769
KPI_K2 lesson=0 noise=0.100 avg_recall_err=73.234894 baseline_recall_err=73.234894 uplift=0.000000 scar_max=0.000000
  Noise 0.2:
    Pattern Bhupura: Recall Error = 89.6681
    Pattern Lotus: Recall Error = 57.6347
KPI_K2 lesson=0 noise=0.200 avg_recall_err=73.651367 baseline_recall_err=73.651367 uplift=0.000000 scar_max=0.000000
KPI_K2_LESSON lessons=0 eta=0.2000 duration_sec=23.654 evals_per_sec=0.169

=== Testing Lesson Count: 3 ===
Lessons: 3, Max Scar Weight: 1.237449169e0
KPI_K2_SCAR_WEIGHTS lessons=3 max_abs_delta=1.999999881e-1 mean_abs_delta=8.298348635e-2 changed_edges=1892 total_edges=4560
  Noise 0.1:
    Pattern Bhupura: Recall Error = 89.1861
    Pattern Lotus: Recall Error = 57.0749
KPI_K2 lesson=3 noise=0.100 avg_recall_err=73.130539 baseline_recall_err=73.234894 uplift=0.104355 scar_max=1.237449
  Noise 0.2:
    Pattern Bhupura: Recall Error = 89.5635
    Pattern Lotus: Recall Error = 57.5360
KPI_K2 lesson=3 noise=0.200 avg_recall_err=73.549706 baseline_recall_err=73.651367 uplift=0.101662 scar_max=1.237449
KPI_K2_LESSON lessons=3 eta=0.2000 duration_sec=46.698 evals_per_sec=0.086
KPI_K2_SUMMARY duration_sec=70.354 max_scar_weight=1.237449 best_uplift=0.104355
