--- K2: Scar Formation Grid Search (Multi-Pattern) ---

=== Testing Lesson Count: 0 ===
Lessons: 0, Max Scar Weight: 0.000000000e0
KPI_K2_SCAR_WEIGHTS lessons=0 max_abs_delta=0.000000000e0 mean_abs_delta=0.000000000e0 changed_edges=0 total_edges=4560
  Noise 0.1:
    Pattern Bhupura: Recall Error = 90.9801
    Pattern Lotus: Recall Error = 59.0693
KPI_K2 lesson=0 noise=0.100 avg_recall_err=75.024696 baseline_recall_err=75.024696 uplift=0.000000 scar_max=0.000000
  Noise 0.2:
    Pattern Bhupura: Recall Error = 91.3304
    Pattern Lotus: Recall Error = 59.4946
KPI_K2 lesson=0 noise=0.200 avg_recall_err=75.412506 baseline_recall_err=75.412506 uplift=0.000000 scar_max=0.000000
KPI_K2_LESSON lessons=0 eta=0.2000 duration_sec=82.993 evals_per_sec=0.048

=== Testing Lesson Count: 3 ===
Lessons: 3, Max Scar Weight: 1.187529087e0
KPI_K2_SCAR_WEIGHTS lessons=3 max_abs_delta=1.999999881e-1 mean_abs_delta=8.298348635e-2 changed_edges=1892 total_edges=4560
  Noise 0.1:
    Pattern Bhupura: Recall Error = 90.5715
    Pattern Lotus: Recall Error = 58.6698
KPI_K2 lesson=3 noise=0.100 avg_recall_err=74.620644 baseline_recall_err=75.024696 uplift=0.404053 scar_max=1.187529
  Noise 0.2:
    Pattern Bhupura: Recall Error = 90.9256
    Pattern Lotus: Recall Error = 59.1010
KPI_K2 lesson=3 noise=0.200 avg_recall_err=75.013306 baseline_recall_err=75.412506 uplift=0.399200 scar_max=1.187529
KPI_K2_LESSON lessons=3 eta=0.2000 duration_sec=184.498 evals_per_sec=0.022
KPI_K2_SUMMARY duration_sec=267.492 max_scar_weight=1.187529 best_uplift=0.404053
