--- K2: Scar Formation Grid Search (Multi-Pattern) ---

=== Testing Lesson Count: 0 ===
Lessons: 0, Max Scar Weight: 0.000000000e0
KPI_K2_SCAR_WEIGHTS lessons=0 max_abs_delta=0.000000000e0 mean_abs_delta=0.000000000e0 changed_edges=0 total_edges=4560
  Noise 0.1:
    Pattern Bhupura: Recall Error = 124.1914
    Pattern Lotus: Recall Error = 87.3748
KPI_K2 lesson=0 noise=0.100 avg_recall_err=105.783096 baseline_recall_err=105.783096 uplift=0.000000 scar_max=0.000000
  Noise 0.2:
    Pattern Bhupura: Recall Error = 124.2719
    Pattern Lotus: Recall Error = 87.4727
KPI_K2 lesson=0 noise=0.200 avg_recall_err=105.872330 baseline_recall_err=105.872330 uplift=0.000000 scar_max=0.000000
KPI_K2_LESSON lessons=0 eta=0.2000 duration_sec=417.815 evals_per_sec=0.010

=== Testing Lesson Count: 3 ===
Lessons: 3, Max Scar Weight: 8.188370466e-1
KPI_K2_SCAR_WEIGHTS lessons=3 max_abs_delta=1.999999881e-1 mean_abs_delta=8.297495544e-2 changed_edges=1892 total_edges=4560
  Noise 0.1:
    Pattern Bhupura: Recall Error = 122.1750
    Pattern Lotus: Recall Error = 85.6437
KPI_K2 lesson=3 noise=0.100 avg_recall_err=103.909340 baseline_recall_err=105.783096 uplift=1.873756 scar_max=0.818837
  Noise 0.2:
    Pattern Bhupura: Recall Error = 122.2841
    Pattern Lotus: Recall Error = 85.7648
KPI_K2 lesson=3 noise=0.200 avg_recall_err=104.024460 baseline_recall_err=105.872330 uplift=1.847870 scar_max=0.818837
KPI_K2_LESSON lessons=3 eta=0.2000 duration_sec=815.703 evals_per_sec=0.005
KPI_K2_SUMMARY duration_sec=1233.522 max_scar_weight=0.818837 best_uplift=1.873756
