--- K2: Scar Formation Grid Search (Multi-Pattern) ---

=== Testing Lesson Count: 0 ===
Lessons: 0, Max Scar Weight: 0.000000000e0
KPI_K2_SCAR_WEIGHTS lessons=0 max_abs_delta=0.000000000e0 mean_abs_delta=0.000000000e0 changed_edges=0 total_edges=4560
  Noise 0.1:
    Pattern Bhupura: Recall Error = 89.4403
    Pattern Lotus: Recall Error = 57.3551
KPI_K2 lesson=0 noise=0.100 avg_recall_err=73.397697 baseline_recall_err=73.397697 uplift=0.000000 scar_max=0.000000
  Noise 0.2:
    Pattern Bhupura: Recall Error = 89.8104
    Pattern Lotus: Recall Error = 57.8082
KPI_K2 lesson=0 noise=0.200 avg_recall_err=73.809288 baseline_recall_err=73.809288 uplift=0.000000 scar_max=0.000000
KPI_K2_LESSON lessons=0 eta=0.2000 duration_sec=89.522 evals_per_sec=0.045

=== Testing Lesson Count: 3 ===
Lessons: 3, Max Scar Weight: 1.235620737e0
KPI_K2_SCAR_WEIGHTS lessons=3 max_abs_delta=1.999999881e-1 mean_abs_delta=8.298348635e-2 changed_edges=1892 total_edges=4560
  Noise 0.1:
    Pattern Bhupura: Recall Error = 89.2998
    Pattern Lotus: Recall Error = 57.2198
KPI_K2 lesson=3 noise=0.100 avg_recall_err=73.259758 baseline_recall_err=73.397697 uplift=0.137939 scar_max=1.235621
  Noise 0.2:
    Pattern Bhupura: Recall Error = 89.6741
    Pattern Lotus: Recall Error = 57.6766
KPI_K2 lesson=3 noise=0.200 avg_recall_err=73.675331 baseline_recall_err=73.809288 uplift=0.133957 scar_max=1.235621
KPI_K2_LESSON lessons=3 eta=0.2000 duration_sec=229.972 evals_per_sec=0.017
KPI_K2_SUMMARY duration_sec=319.498 max_scar_weight=1.235621 best_uplift=0.137939
