--- K2: Scar Formation Grid Search (Multi-Pattern) ---

=== Testing Lesson Count: 0 ===
Lessons: 0, Max Scar Weight: 0.000000000e0
KPI_K2_SCAR_WEIGHTS lessons=0 max_abs_delta=0.000000000e0 mean_abs_delta=0.000000000e0 changed_edges=0 total_edges=4560
  Noise 0.1:
    Pattern Bhupura: Recall Error = 122.3744
    Pattern Lotus: Recall Error = 85.5216
KPI_K2 lesson=0 noise=0.100 avg_recall_err=103.947998 baseline_recall_err=103.947998 uplift=0.000000 scar_max=0.000000
  Noise 0.2:
    Pattern Bhupura: Recall Error = 122.4609
    Pattern Lotus: Recall Error = 85.6297
KPI_K2 lesson=0 noise=0.200 avg_recall_err=104.045334 baseline_recall_err=104.045334 uplift=0.000000 scar_max=0.000000
KPI_K2_LESSON lessons=0 eta=0.2000 duration_sec=194.542 evals_per_sec=0.021

=== Testing Lesson Count: 3 ===
Lessons: 3, Max Scar Weight: 8.513665795e-1
KPI_K2_SCAR_WEIGHTS lessons=3 max_abs_delta=1.999999881e-1 mean_abs_delta=8.297852427e-2 changed_edges=1892 total_edges=4560
  Noise 0.1:
    Pattern Bhupura: Recall Error = 120.5230
    Pattern Lotus: Recall Error = 83.9434
KPI_K2 lesson=3 noise=0.100 avg_recall_err=102.233170 baseline_recall_err=103.947998 uplift=1.714828 scar_max=0.851367
  Noise 0.2:
    Pattern Bhupura: Recall Error = 120.6343
    Pattern Lotus: Recall Error = 84.0736
KPI_K2 lesson=3 noise=0.200 avg_recall_err=102.353935 baseline_recall_err=104.045334 uplift=1.691399 scar_max=0.851367
KPI_K2_LESSON lessons=3 eta=0.2000 duration_sec=244.597 evals_per_sec=0.016
KPI_K2_SUMMARY duration_sec=439.143 max_scar_weight=0.851367 best_uplift=1.714828
