--- K2: Scar Formation Grid Search (Multi-Pattern) ---

=== Testing Lesson Count: 0 ===
Lessons: 0, Max Scar Weight: 0.000000000e0
KPI_K2_SCAR_WEIGHTS lessons=0 max_abs_delta=0.000000000e0 mean_abs_delta=0.000000000e0 changed_edges=0 total_edges=4560
  Noise 0.1:
    Pattern Bhupura: Recall Error = 138.8777
    Pattern Lotus: Recall Error = 98.6885
KPI_K2 lesson=0 noise=0.100 avg_recall_err=118.783096 baseline_recall_err=118.783096 uplift=0.000000 scar_max=0.000000
  Noise 0.2:
    Pattern Bhupura: Recall Error = 138.8913
    Pattern Lotus: Recall Error = 98.6817
KPI_K2 lesson=0 noise=0.200 avg_recall_err=118.786530 baseline_recall_err=118.786530 uplift=0.000000 scar_max=0.000000
KPI_K2_LESSON lessons=0 eta=0.2000 duration_sec=1626.604 evals_per_sec=0.002

=== Testing Lesson Count: 3 ===
Lessons: 3, Max Scar Weight: 5.892248154e-1
KPI_K2_SCAR_WEIGHTS lessons=3 max_abs_delta=1.999999881e-1 mean_abs_delta=1.996545196e-1 changed_edges=4560 total_edges=4560
  Noise 0.1:
    Pattern Bhupura: Recall Error = 138.6254
    Pattern Lotus: Recall Error = 99.3442
KPI_K2 lesson=3 noise=0.100 avg_recall_err=118.984787 baseline_recall_err=118.783096 uplift=-0.201691 scar_max=0.589225
  Noise 0.2:
    Pattern Bhupura: Recall Error = 138.6610
