--- K2: Scar Formation Grid Search (Multi-Pattern) ---

=== Testing Lesson Count: 0 ===
Lessons: 0, Max Scar Weight: 0.000000000e0
KPI_K2_SCAR_WEIGHTS lessons=0 max_abs_delta=0.000000000e0 mean_abs_delta=0.000000000e0 changed_edges=0 total_edges=4560
  Noise 0.1:
    Pattern Bhupura: Recall Error = 49.2240
    Pattern Lotus: Recall Error = 26.8926
KPI_K2 lesson=0 noise=0.100 avg_recall_err=38.058296 baseline_recall_err=38.058296 uplift=0.000000 scar_max=0.000000
  Noise 0.2:
    Pattern Bhupura: Recall Error = 49.3179
    Pattern Lotus: Recall Error = 27.0435
KPI_K2 lesson=0 noise=0.200 avg_recall_err=38.180702 baseline_recall_err=38.180702 uplift=0.000000 scar_max=0.000000
KPI_K2_LESSON lessons=0 eta=0.2000 duration_sec=395.202 evals_per_sec=0.010

=== Testing Lesson Count: 3 ===
Lessons: 3, Max Scar Weight: 6.148962975e-1
KPI_K2_SCAR_WEIGHTS lessons=3 max_abs_delta=2.000000477e-1 mean_abs_delta=8.298340440e-2 changed_edges=1892 total_edges=4560
  Noise 0.1:
    Pattern Bhupura: Recall Error = 47.5138
    Pattern Lotus: Recall Error = 29.2809
KPI_K2 lesson=3 noise=0.100 avg_recall_err=38.397331 baseline_recall_err=38.058296 uplift=-0.339035 scar_max=0.614896
  Noise 0.2:
    Pattern Bhupura: Recall Error = 47.6073
    Pattern Lotus: Recall Error = 29.5412
KPI_K2 lesson=3 noise=0.200 avg_recall_err=38.574234 baseline_recall_err=38.180702 uplift=-0.393532 scar_max=0.614896
KPI_K2_LESSON lessons=3 eta=0.2000 duration_sec=975.358 evals_per_sec=0.004
KPI_K2_SUMMARY duration_sec=1370.563 max_scar_weight=0.614896 best_uplift=0.000000
