--- K2: Scar Formation Grid Search (Multi-Pattern) ---

=== Testing Lesson Count: 0 ===
Lessons: 0, Max Scar Weight: 0.000000000e0
KPI_K2_SCAR_WEIGHTS lessons=0 max_abs_delta=0.000000000e0 mean_abs_delta=0.000000000e0 changed_edges=0 total_edges=4560
  Noise 0.1:
    Pattern Bhupura: Recall Error = 124.2003
    Pattern Lotus: Recall Error = 87.3852
KPI_K2 lesson=0 noise=0.100 avg_recall_err=105.792747 baseline_recall_err=105.792747 uplift=0.000000 scar_max=0.000000
  Noise 0.2:
    Pattern Bhupura: Recall Error = 124.2668
    Pattern Lotus: Recall Error = 87.4673
KPI_K2 lesson=0 noise=0.200 avg_recall_err=105.867035 baseline_recall_err=105.867035 uplift=0.000000 scar_max=0.000000
KPI_K2_LESSON lessons=0 eta=0.2000 duration_sec=369.666 evals_per_sec=0.011

=== Testing Lesson Count: 3 ===
Lessons: 3, Max Scar Weight: 8.185863495e-1
KPI_K2_SCAR_WEIGHTS lessons=3 max_abs_delta=1.999999881e-1 mean_abs_delta=1.999785900e-1 changed_edges=4560 total_edges=4560
  Noise 0.1:
    Pattern Bhupura: Recall Error = 122.1363
    Pattern Lotus: Recall Error = 85.6104
KPI_K2 lesson=3 noise=0.100 avg_recall_err=103.873367 baseline_recall_err=105.792747 uplift=1.919380 scar_max=0.818586
  Noise 0.2:
    Pattern Bhupura: Recall Error = 122.2345
    Pattern Lotus: Recall Error = 85.7229
KPI_K2 lesson=3 noise=0.200 avg_recall_err=103.978699 baseline_recall_err=105.867035 uplift=1.888336 scar_max=0.818586
KPI_K2_LESSON lessons=3 eta=0.2000 duration_sec=1722.216 evals_per_sec=0.002
KPI_K2_SUMMARY duration_sec=2091.883 max_scar_weight=0.818586 best_uplift=1.919380
