--- K2: Scar Formation Grid Search (Multi-Pattern) ---

=== Testing Lesson Count: 0 ===
Lessons: 0, Max Scar Weight: 0.000000000e0
KPI_K2_SCAR_WEIGHTS lessons=0 max_abs_delta=0.000000000e0 mean_abs_delta=0.000000000e0 changed_edges=0 total_edges=4560
  Noise 0.1:
    Pattern Bhupura: Recall Error = 134.8544
    Pattern Lotus: Recall Error = 95.4010
KPI_K2 lesson=0 noise=0.100 avg_recall_err=115.127739 baseline_recall_err=115.127739 uplift=0.000000 scar_max=0.000000
  Noise 0.2:
    Pattern Bhupura: Recall Error = 134.8753
    Pattern Lotus: Recall Error = 95.4164
KPI_K2 lesson=0 noise=0.200 avg_recall_err=115.145859 baseline_recall_err=115.145859 uplift=0.000000 scar_max=0.000000
KPI_K2_LESSON lessons=0 eta=0.2000 duration_sec=446.041 evals_per_sec=0.009

=== Testing Lesson Count: 3 ===
Lessons: 3, Max Scar Weight: 6.741298437e-1
KPI_K2_SCAR_WEIGHTS lessons=3 max_abs_delta=1.999999881e-1 mean_abs_delta=1.998264641e-1 changed_edges=4560 total_edges=4560
  Noise 0.1:
    Pattern Bhupura: Recall Error = 133.5791
    Pattern Lotus: Recall Error = 94.2420
KPI_K2 lesson=3 noise=0.100 avg_recall_err=113.910538 baseline_recall_err=115.127739 uplift=1.217201 scar_max=0.674130
  Noise 0.2:
    Pattern Bhupura: Recall Error = 133.6145
    Pattern Lotus: Recall Error = 94.2710
KPI_K2 lesson=3 noise=0.200 avg_recall_err=113.942719 baseline_recall_err=115.145859 uplift=1.203140 scar_max=0.674130
KPI_K2_LESSON lessons=3 eta=0.2000 duration_sec=1100.542 evals_per_sec=0.004
KPI_K2_SUMMARY duration_sec=1546.584 max_scar_weight=0.674130 best_uplift=1.217201
