--- K2: Scar Formation Grid Search (Multi-Pattern) ---

=== Testing Lesson Count: 0 ===
Lessons: 0, Max Scar Weight: 0.000000000e0
KPI_K2_SCAR_WEIGHTS lessons=0 max_abs_delta=0.000000000e0 mean_abs_delta=0.000000000e0 changed_edges=0 total_edges=4560
  Noise 0.1:
    Pattern Bhupura: Recall Error = 51.3888
    Pattern Lotus: Recall Error = 28.3027
KPI_K2 lesson=0 noise=0.100 avg_recall_err=39.845768 baseline_recall_err=39.845768 uplift=0.000000 scar_max=0.000000
  Noise 0.2:
    Pattern Bhupura: Recall Error = 51.4615
    Pattern Lotus: Recall Error = 28.4054
KPI_K2 lesson=0 noise=0.200 avg_recall_err=39.933472 baseline_recall_err=39.933472 uplift=0.000000 scar_max=0.000000
KPI_K2_LESSON lessons=0 eta=0.2000 duration_sec=391.127 evals_per_sec=0.010

=== Testing Lesson Count: 3 ===
Lessons: 3, Max Scar Weight: 5.363277197e-1
KPI_K2_SCAR_WEIGHTS lessons=3 max_abs_delta=2.000000477e-1 mean_abs_delta=8.298126608e-2 changed_edges=1892 total_edges=4560
  Noise 0.1:
    Pattern Bhupura: Recall Error = 52.7985
    Pattern Lotus: Recall Error = 30.5004
KPI_K2 lesson=3 noise=0.100 avg_recall_err=41.649437 baseline_recall_err=39.845768 uplift=-1.803669 scar_max=0.536328
  Noise 0.2:
    Pattern Bhupura: Recall Error = 52.8978
    Pattern Lotus: Recall Error = 30.6909
KPI_K2 lesson=3 noise=0.200 avg_recall_err=41.794350 baseline_recall_err=39.933472 uplift=-1.860878 scar_max=0.536328
KPI_K2_LESSON lessons=3 eta=0.2000 duration_sec=886.969 evals_per_sec=0.005
KPI_K2_SUMMARY duration_sec=1278.099 max_scar_weight=0.536328 best_uplift=0.000000
