--- K2: Scar Formation Grid Search (Multi-Pattern) ---

=== Testing Lesson Count: 0 ===
Lessons: 0, Max Scar Weight: 0.000000000e0
KPI_K2_SCAR_WEIGHTS lessons=0 max_abs_delta=0.000000000e0 mean_abs_delta=0.000000000e0 changed_edges=0 total_edges=4560
  Noise 0.1:
    Pattern Bhupura: Recall Error = 89.1936
    Pattern Lotus: Recall Error = 57.0485
KPI_K2 lesson=0 noise=0.100 avg_recall_err=73.121017 baseline_recall_err=73.121017 uplift=0.000000 scar_max=0.000000
  Noise 0.2:
    Pattern Bhupura: Recall Error = 89.5740
    Pattern Lotus: Recall Error = 57.5103
KPI_K2 lesson=0 noise=0.200 avg_recall_err=73.542137 baseline_recall_err=73.542137 uplift=0.000000 scar_max=0.000000
KPI_K2_LESSON lessons=0 eta=0.2000 duration_sec=39.783 evals_per_sec=0.101

=== Testing Lesson Count: 3 ===
Lessons: 3, Max Scar Weight: 1.235784173e0
KPI_K2_SCAR_WEIGHTS lessons=3 max_abs_delta=1.999999881e-1 mean_abs_delta=8.298348635e-2 changed_edges=1892 total_edges=4560
  Noise 0.1:
    Pattern Bhupura: Recall Error = 89.1174
    Pattern Lotus: Recall Error = 56.9746
KPI_K2 lesson=3 noise=0.100 avg_recall_err=73.045975 baseline_recall_err=73.121017 uplift=0.075043 scar_max=1.235784
  Noise 0.2:
    Pattern Bhupura: Recall Error = 89.4982
    Pattern Lotus: Recall Error = 57.4391
KPI_K2 lesson=3 noise=0.200 avg_recall_err=73.468643 baseline_recall_err=73.542137 uplift=0.073494 scar_max=1.235784
KPI_K2_LESSON lessons=3 eta=0.2000 duration_sec=98.715 evals_per_sec=0.041
KPI_K2_SUMMARY duration_sec=138.501 max_scar_weight=1.235784 best_uplift=0.075043
